<?xml version="1.0" encoding="UTF-8"?>
<testsuite xmlns:xsi="http://www.w3.org/2001/XMLSchema-instance" xsi:noNamespaceSchemaLocation="https://maven.apache.org/surefire/maven-surefire-plugin/xsd/surefire-test-report-3.0.xsd" version="3.0" name="TestSuite" time="37.705" tests="5" errors="0" skipped="3" failures="1">
  <properties>
[...]
</properties>
  <testcase name="validateTitle" classname="Maven2.ValidateTitle" time="0.276">
    <system-err><![CDATA[Starting ChromeDriver 96.0.4664.45 (76e4c1bb2ab4671b8beba3444e61c0f17584b2fc-refs/branch-heads/4664@{#947}) on port 33386
Only local connections are allowed.
Please see https://chromedriver.chromium.org/security-considerations for suggestions on keeping ChromeDriver safe.
ChromeDriver was started successfully.
Starting ChromeDriver 96.0.4664.45 (76e4c1bb2ab4671b8beba3444e61c0f17584b2fc-refs/branch-heads/4664@{#947}) on port 46619
Only local connections are allowed.
Please see https://chromedriver.chromium.org/security-considerations for suggestions on keeping ChromeDriver safe.
ChromeDriver was started successfully.
Dec 09, 2021 8:18:26 PM org.openqa.selenium.remote.ProtocolHandshake createSession
INFO: Detected dialect: W3C
]]></system-err>
  </testcase>
  <testcase name="initialize" classname="Maven2.HomePage" time="6.092">
    <failure message="unknown error: Chrome failed to start: exited normally.&#10;  (chrome not reachable)&#10;  (The process started from chrome location C:\Users\pc\AppData\Local\Google\Chrome\Application\chrome.exe is no longer running, so ChromeDriver is assuming that Chrome has crashed.)&#10;Build info: version: &apos;3.7.0&apos;, revision: &apos;2321c73&apos;, time: &apos;2017-11-02T22:22:35.584Z&apos;&#10;System info: host: &apos;LAPTOP-J4HJIQT7&apos;, ip: &apos;192.168.0.107&apos;, os.name: &apos;Windows 10&apos;, os.arch: &apos;amd64&apos;, os.version: &apos;10.0&apos;, java.version: &apos;1.8.0_201&apos;&#10;Driver info: driver.version: ChromeDriver&#10;remote stacktrace: Backtrace:&#10;	Ordinal0 [0x01016903+2517251]&#10;	Ordinal0 [0x00FAF8E1+2095329]&#10;	Ordinal0 [0x00EB2848+1058888]&#10;	Ordinal0 [0x00ECDC70+1170544]&#10;	Ordinal0 [0x00ECA2CF+1155791]&#10;	Ordinal0 [0x00EFAAAF+1354415]&#10;	Ordinal0 [0x00EFA71A+1353498]&#10;	Ordinal0 [0x00EF639B+1336219]&#10;	Ordinal0 [0x00ED27A7+1189799]&#10;	Ordinal0 [0x00ED3609+1193481]&#10;	GetHandleVerifier [0x011A5904+1577972]&#10;	GetHandleVerifier [0x01250B97+2279047]&#10;	GetHandleVerifier [0x010A6D09+534521]&#10;	GetHandleVerifier [0x010A5DB9+530601]&#10;	Ordinal0 [0x00FB4FF9+2117625]&#10;	Ordinal0 [0x00FB98A8+2136232]&#10;	Ordinal0 [0x00FB99E2+2136546]&#10;	Ordinal0 [0x00FC3541+2176321]&#10;	BaseThreadInitThunk [0x771CFA29+25]&#10;	RtlGetAppContainerNamedObjectPath [0x778E7A9E+286]&#10;	RtlGetAppContainerNamedObjectPath [0x778E7A6E+238]&#10;" type="org.openqa.selenium.WebDriverException"><![CDATA[org.openqa.selenium.WebDriverException: 
unknown error: Chrome failed to start: exited normally.
  (chrome not reachable)
  (The process started from chrome location C:\Users\pc\AppData\Local\Google\Chrome\Application\chrome.exe is no longer running, so ChromeDriver is assuming that Chrome has crashed.)
Build info: version: '3.7.0', revision: '2321c73', time: '2017-11-02T22:22:35.584Z'
System info: host: 'LAPTOP-J4HJIQT7', ip: '192.168.0.107', os.name: 'Windows 10', os.arch: 'amd64', os.version: '10.0', java.version: '1.8.0_201'
Driver info: driver.version: ChromeDriver
remote stacktrace: Backtrace:
	Ordinal0 [0x01016903+2517251]
	Ordinal0 [0x00FAF8E1+2095329]
	Ordinal0 [0x00EB2848+1058888]
	Ordinal0 [0x00ECDC70+1170544]
	Ordinal0 [0x00ECA2CF+1155791]
	Ordinal0 [0x00EFAAAF+1354415]
	Ordinal0 [0x00EFA71A+1353498]
	Ordinal0 [0x00EF639B+1336219]
	Ordinal0 [0x00ED27A7+1189799]
	Ordinal0 [0x00ED3609+1193481]
	GetHandleVerifier [0x011A5904+1577972]
	GetHandleVerifier [0x01250B97+2279047]
	GetHandleVerifier [0x010A6D09+534521]
	GetHandleVerifier [0x010A5DB9+530601]
	Ordinal0 [0x00FB4FF9+2117625]
	Ordinal0 [0x00FB98A8+2136232]
	Ordinal0 [0x00FB99E2+2136546]
	Ordinal0 [0x00FC3541+2176321]
	BaseThreadInitThunk [0x771CFA29+25]
	RtlGetAppContainerNamedObjectPath [0x778E7A9E+286]
	RtlGetAppContainerNamedObjectPath [0x778E7A6E+238]

	at Maven2.HomePage.initialize(HomePage.java:22)
]]></failure>
  </testcase>
  <testcase name="basePageNavigationBar[abc, password](1)" classname="Maven2.HomePage" time="0">
    <skipped message="unknown error: Chrome failed to start: exited normally.&#10;  (chrome not reachable)&#10;  (The process started from chrome location C:\Users\pc\AppData\Local\Google\Chrome\Application\chrome.exe is no longer running, so ChromeDriver is assuming that Chrome has crashed.)&#10;Build info: version: &apos;3.7.0&apos;, revision: &apos;2321c73&apos;, time: &apos;2017-11-02T22:22:35.584Z&apos;&#10;System info: host: &apos;LAPTOP-J4HJIQT7&apos;, ip: &apos;192.168.0.107&apos;, os.name: &apos;Windows 10&apos;, os.arch: &apos;amd64&apos;, os.version: &apos;10.0&apos;, java.version: &apos;1.8.0_201&apos;&#10;Driver info: driver.version: ChromeDriver&#10;remote stacktrace: Backtrace:&#10;	Ordinal0 [0x01016903+2517251]&#10;	Ordinal0 [0x00FAF8E1+2095329]&#10;	Ordinal0 [0x00EB2848+1058888]&#10;	Ordinal0 [0x00ECDC70+1170544]&#10;	Ordinal0 [0x00ECA2CF+1155791]&#10;	Ordinal0 [0x00EFAAAF+1354415]&#10;	Ordinal0 [0x00EFA71A+1353498]&#10;	Ordinal0 [0x00EF639B+1336219]&#10;	Ordinal0 [0x00ED27A7+1189799]&#10;	Ordinal0 [0x00ED3609+1193481]&#10;	GetHandleVerifier [0x011A5904+1577972]&#10;	GetHandleVerifier [0x01250B97+2279047]&#10;	GetHandleVerifier [0x010A6D09+534521]&#10;	GetHandleVerifier [0x010A5DB9+530601]&#10;	Ordinal0 [0x00FB4FF9+2117625]&#10;	Ordinal0 [0x00FB98A8+2136232]&#10;	Ordinal0 [0x00FB99E2+2136546]&#10;	Ordinal0 [0x00FC3541+2176321]&#10;	BaseThreadInitThunk [0x771CFA29+25]&#10;	RtlGetAppContainerNamedObjectPath [0x778E7A9E+286]&#10;	RtlGetAppContainerNamedObjectPath [0x778E7A6E+238]&#10;"/>
  </testcase>
  <testcase name="basePageNavigationBar[ghim, password](2)" classname="Maven2.HomePage" time="0">
    <skipped message="unknown error: Chrome failed to start: exited normally.&#10;  (chrome not reachable)&#10;  (The process started from chrome location C:\Users\pc\AppData\Local\Google\Chrome\Application\chrome.exe is no longer running, so ChromeDriver is assuming that Chrome has crashed.)&#10;Build info: version: &apos;3.7.0&apos;, revision: &apos;2321c73&apos;, time: &apos;2017-11-02T22:22:35.584Z&apos;&#10;System info: host: &apos;LAPTOP-J4HJIQT7&apos;, ip: &apos;192.168.0.107&apos;, os.name: &apos;Windows 10&apos;, os.arch: &apos;amd64&apos;, os.version: &apos;10.0&apos;, java.version: &apos;1.8.0_201&apos;&#10;Driver info: driver.version: ChromeDriver&#10;remote stacktrace: Backtrace:&#10;	Ordinal0 [0x01016903+2517251]&#10;	Ordinal0 [0x00FAF8E1+2095329]&#10;	Ordinal0 [0x00EB2848+1058888]&#10;	Ordinal0 [0x00ECDC70+1170544]&#10;	Ordinal0 [0x00ECA2CF+1155791]&#10;	Ordinal0 [0x00EFAAAF+1354415]&#10;	Ordinal0 [0x00EFA71A+1353498]&#10;	Ordinal0 [0x00EF639B+1336219]&#10;	Ordinal0 [0x00ED27A7+1189799]&#10;	Ordinal0 [0x00ED3609+1193481]&#10;	GetHandleVerifier [0x011A5904+1577972]&#10;	GetHandleVerifier [0x01250B97+2279047]&#10;	GetHandleVerifier [0x010A6D09+534521]&#10;	GetHandleVerifier [0x010A5DB9+530601]&#10;	Ordinal0 [0x00FB4FF9+2117625]&#10;	Ordinal0 [0x00FB98A8+2136232]&#10;	Ordinal0 [0x00FB99E2+2136546]&#10;	Ordinal0 [0x00FC3541+2176321]&#10;	BaseThreadInitThunk [0x771CFA29+25]&#10;	RtlGetAppContainerNamedObjectPath [0x778E7A9E+286]&#10;	RtlGetAppContainerNamedObjectPath [0x778E7A6E+238]&#10;"/>
  </testcase>
  <testcase name="teardown" classname="Maven2.HomePage" time="0">
    <skipped/>
  </testcase>
</testsuite>